Тест без ошибок 
Тест без ошибок 
-----протокол----11.12.2024 20:53:33 ----
 ----параметры---- 
-log: In.txt.log
-out: In.txt.out
-in : In.txt
Исходные данные
Количество символов : 41
Количество строк    : 1
Проигнорировано     : 0

—--- Представление кода в виде лексем —--- 

2 tfi|1|(ti|1|,ti|1|)
—--- Идентификаторы —--- 
Номер	id	Тип данных	Тип	Связь с лексемой			Значение?
1 fi str lit 3 i 1 2 "fi" 
2 x str lit 6 i 1 1 "x" 
3 y str lit 9 i 1 1 "y" 

----------Правила-----------
0000: 
0000: S->tfi(F){NrE;};S000
4000: F->ti,F0000000000000
7000: F->ti000000000000000
4000: 
0000: S->tfi(F){NrE;};S000
4000: F->ti,F0000000000000
7000: F->ti000000000000000
7000: 
0000: S->tfi(F){NrE;};S000
4000: F->ti,F0000000000000
7000: F->ti000000000000000
