d:\opi_labs\se_lab14\se_lab14\debug\vc143.pdb
d:\opi_labs\se_lab14\se_lab14\debug\vc143.idb
d:\opi_labs\se_lab14\se_lab14\debug\lt.obj
d:\opi_labs\se_lab14\se_lab14\debug\in.obj
d:\opi_labs\se_lab14\se_lab14\debug\se_lab14.obj
d:\opi_labs\se_lab14\se_lab14\debug\parm.obj
d:\opi_labs\se_lab14\se_lab14\debug\out.obj
d:\opi_labs\se_lab14\se_lab14\debug\log.obj
d:\opi_labs\se_lab14\se_lab14\debug\error.obj
d:\opi_labs\se_lab14\se_lab14\debug\it.obj
d:\opi_labs\se_lab14\se_lab14\debug\fst.obj
d:\opi_labs\se_lab14\se_lab14\debug\fst.obj.enc
d:\opi_labs\se_lab14\debug\se_lab14.pdb
d:\opi_labs\se_lab14\se_lab14\debug\se_lab14.tlog\cl.command.1.tlog
d:\opi_labs\se_lab14\se_lab14\debug\se_lab14.tlog\cl.items.tlog
d:\opi_labs\se_lab14\se_lab14\debug\se_lab14.tlog\cl.read.1.tlog
d:\opi_labs\se_lab14\se_lab14\debug\se_lab14.tlog\cl.write.1.tlog
d:\opi_labs\se_lab14\se_lab14\debug\se_lab14.tlog\link-cvtres.read.1.tlog
d:\opi_labs\se_lab14\se_lab14\debug\se_lab14.tlog\link-cvtres.write.1.tlog
d:\opi_labs\se_lab14\se_lab14\debug\se_lab14.tlog\link-rc.read.1.tlog
d:\opi_labs\se_lab14\se_lab14\debug\se_lab14.tlog\link-rc.write.1.tlog
d:\opi_labs\se_lab14\se_lab14\debug\se_lab14.tlog\link.25004-cvtres.read.1.tlog
d:\opi_labs\se_lab14\se_lab14\debug\se_lab14.tlog\link.25004-cvtres.write.1.tlog
d:\opi_labs\se_lab14\se_lab14\debug\se_lab14.tlog\link.25004-rc.read.1.tlog
d:\opi_labs\se_lab14\se_lab14\debug\se_lab14.tlog\link.25004-rc.write.1.tlog
d:\opi_labs\se_lab14\se_lab14\debug\se_lab14.tlog\link.25004.read.1.tlog
d:\opi_labs\se_lab14\se_lab14\debug\se_lab14.tlog\link.25004.write.1.tlog
d:\opi_labs\se_lab14\se_lab14\debug\se_lab14.tlog\link.command.1.tlog
d:\opi_labs\se_lab14\se_lab14\debug\se_lab14.tlog\link.read.1.tlog
d:\opi_labs\se_lab14\se_lab14\debug\se_lab14.tlog\link.write.1.tlog
