Сборка начата 11.12.2024 20:34:48.
Уровень детализации журнала: Normal.     1>Проект "D:\OPI_LABS\SE_Lab14\SE_Lab14\SE_Lab14.vcxproj" в узле 2 (целевые объекты Build).
     1>InitializeBuildStatus:
         Создание "Debug\SE_Lab14.tlog\unsuccessfulbuild", так как было задано "AlwaysCreate".
         Обращение к "Debug\SE_Lab14.tlog\unsuccessfulbuild".
       ClCompile:
         C:\Program Files\Microsoft Visual Studio\2022\Community\VC\Tools\MSVC\14.37.32822\bin\HostX86\x86\CL.exe /c /ZI /JMC /nologo /W3 /WX- /diagnostics:column /sdl /Od /Oy- /D _CRT_SECURE_NO_WARNINGS /D _UNICODE /D UNICODE /Gm- /EHsc /RTC1 /MDd /GS /fp:precise /Zc:wchar_t /Zc:forScope /Zc:inline /permissive- /Fo"Debug\\" /Fd"Debug\vc143.pdb" /external:W3 /Gd /TP /analyze- /FC /errorReport:prompt Error.cpp FST.cpp In.cpp LT.cpp Log.cpp MFST.cpp Out.cpp Parm.cpp SE_Lab14.cpp
         Error.cpp
     1>D:\OPI_LABS\SE_Lab14\SE_Lab14\stdafx.h(2,1): warning C4005: _CRT_SECURE_NO_WARNINGS: изменение макроопределения
       D:\OPI_LABS\SE_Lab14\SE_Lab14\stdafx.h(2,1): message : "_CRT_SECURE_NO_WARNINGS" ранее объявлен в командной строке
         FST.cpp
     1>D:\OPI_LABS\SE_Lab14\SE_Lab14\stdafx.h(2,1): warning C4005: _CRT_SECURE_NO_WARNINGS: изменение макроопределения
       D:\OPI_LABS\SE_Lab14\SE_Lab14\stdafx.h(2,1): message : "_CRT_SECURE_NO_WARNINGS" ранее объявлен в командной строке
     1>D:\OPI_LABS\SE_Lab14\SE_Lab14\FST.cpp(80,23): warning C4267: инициализация: преобразование из "size_t" в "short"; возможна потеря данных
     1>D:\OPI_LABS\SE_Lab14\SE_Lab14\FST.cpp(104,21): warning C4018: <: несоответствие типов со знаком и без знака
     1>D:\OPI_LABS\SE_Lab14\SE_Lab14\FST.cpp(536,30): warning C4390: ";": обнаружен пустой контролируемый оператор; это правильно?
         In.cpp
     1>D:\OPI_LABS\SE_Lab14\SE_Lab14\stdafx.h(2,1): warning C4005: _CRT_SECURE_NO_WARNINGS: изменение макроопределения
       D:\OPI_LABS\SE_Lab14\SE_Lab14\stdafx.h(2,1): message : "_CRT_SECURE_NO_WARNINGS" ранее объявлен в командной строке
         LT.cpp
     1>D:\OPI_LABS\SE_Lab14\SE_Lab14\stdafx.h(2,1): warning C4005: _CRT_SECURE_NO_WARNINGS: изменение макроопределения
       D:\OPI_LABS\SE_Lab14\SE_Lab14\stdafx.h(2,1): message : "_CRT_SECURE_NO_WARNINGS" ранее объявлен в командной строке
         Log.cpp
     1>D:\OPI_LABS\SE_Lab14\SE_Lab14\stdafx.h(2,1): warning C4005: _CRT_SECURE_NO_WARNINGS: изменение макроопределения
       D:\OPI_LABS\SE_Lab14\SE_Lab14\stdafx.h(2,1): message : "_CRT_SECURE_NO_WARNINGS" ранее объявлен в командной строке
         MFST.cpp
     1>D:\OPI_LABS\SE_Lab14\SE_Lab14\stdafx.h(2,1): warning C4005: _CRT_SECURE_NO_WARNINGS: изменение макроопределения
       D:\OPI_LABS\SE_Lab14\SE_Lab14\stdafx.h(2,1): message : "_CRT_SECURE_NO_WARNINGS" ранее объявлен в командной строке
     1>D:\OPI_LABS\SE_Lab14\SE_Lab14\MFST.cpp(254,76): warning C4267: =: преобразование из "size_t" в "short"; возможна потеря данных
         Out.cpp
     1>D:\OPI_LABS\SE_Lab14\SE_Lab14\stdafx.h(2,1): warning C4005: _CRT_SECURE_NO_WARNINGS: изменение макроопределения
       D:\OPI_LABS\SE_Lab14\SE_Lab14\stdafx.h(2,1): message : "_CRT_SECURE_NO_WARNINGS" ранее объявлен в командной строке
         Parm.cpp
     1>D:\OPI_LABS\SE_Lab14\SE_Lab14\stdafx.h(2,1): warning C4005: _CRT_SECURE_NO_WARNINGS: изменение макроопределения
       D:\OPI_LABS\SE_Lab14\SE_Lab14\stdafx.h(2,1): message : "_CRT_SECURE_NO_WARNINGS" ранее объявлен в командной строке
     1>D:\OPI_LABS\SE_Lab14\SE_Lab14\Parm.cpp(9,11): warning C4101: wst: неиспользованная локальная переменная
         SE_Lab14.cpp
     1>D:\OPI_LABS\SE_Lab14\SE_Lab14\stdafx.h(2,1): warning C4005: _CRT_SECURE_NO_WARNINGS: изменение макроопределения
       D:\OPI_LABS\SE_Lab14\SE_Lab14\stdafx.h(2,1): message : "_CRT_SECURE_NO_WARNINGS" ранее объявлен в командной строке
         Создание кода...
       Link:
         C:\Program Files\Microsoft Visual Studio\2022\Community\VC\Tools\MSVC\14.37.32822\bin\HostX86\x86\link.exe /ERRORREPORT:PROMPT /OUT:"D:\OPI_LABS\SE_Lab14\Debug\SE_Lab14.exe" /INCREMENTAL /ILK:"Debug\SE_Lab14.ilk" /NOLOGO kernel32.lib user32.lib gdi32.lib winspool.lib comdlg32.lib advapi32.lib shell32.lib ole32.lib oleaut32.lib uuid.lib odbc32.lib odbccp32.lib /MANIFEST /MANIFESTUAC:"level='asInvoker' uiAccess='false'" /manifest:embed /DEBUG /PDB:"D:\OPI_LABS\SE_Lab14\Debug\SE_Lab14.pdb" /SUBSYSTEM:CONSOLE /TLBID:1 /DYNAMICBASE /NXCOMPAT /IMPLIB:"D:\OPI_LABS\SE_Lab14\Debug\SE_Lab14.lib" /MACHINE:X86 Debug\Error.obj
         Debug\FST.obj
         Debug\GRB.obj
         Debug\In.obj
         Debug\IT.obj
         Debug\Log.obj
         Debug\LT.obj
         Debug\MFST.obj
         Debug\Out.obj
         Debug\Parm.obj
         Debug\SE_Lab14.obj
         SE_Lab14.vcxproj -> D:\OPI_LABS\SE_Lab14\Debug\SE_Lab14.exe
       FinalizeBuildStatus:
         Файл "Debug\SE_Lab14.tlog\unsuccessfulbuild" удаляется.
         Обращение к "Debug\SE_Lab14.tlog\SE_Lab14.lastbuildstate".
     1>Сборка проекта "D:\OPI_LABS\SE_Lab14\SE_Lab14\SE_Lab14.vcxproj" завершена (целевые объекты Build).

Сборка успешно завершена.

       "D:\OPI_LABS\SE_Lab14\SE_Lab14\SE_Lab14.vcxproj" (целевой объект Build ) (1) ->
       (Целевой объект ClCompile) -> 
         D:\OPI_LABS\SE_Lab14\SE_Lab14\stdafx.h(2,1): warning C4005: _CRT_SECURE_NO_WARNINGS: изменение макроопределения
         D:\OPI_LABS\SE_Lab14\SE_Lab14\stdafx.h(2,1): warning C4005: _CRT_SECURE_NO_WARNINGS: изменение макроопределения
         D:\OPI_LABS\SE_Lab14\SE_Lab14\FST.cpp(80,23): warning C4267: инициализация: преобразование из "size_t" в "short"; возможна потеря данных
         D:\OPI_LABS\SE_Lab14\SE_Lab14\FST.cpp(104,21): warning C4018: <: несоответствие типов со знаком и без знака
         D:\OPI_LABS\SE_Lab14\SE_Lab14\FST.cpp(536,30): warning C4390: ";": обнаружен пустой контролируемый оператор; это правильно?
         D:\OPI_LABS\SE_Lab14\SE_Lab14\stdafx.h(2,1): warning C4005: _CRT_SECURE_NO_WARNINGS: изменение макроопределения
         D:\OPI_LABS\SE_Lab14\SE_Lab14\stdafx.h(2,1): warning C4005: _CRT_SECURE_NO_WARNINGS: изменение макроопределения
         D:\OPI_LABS\SE_Lab14\SE_Lab14\stdafx.h(2,1): warning C4005: _CRT_SECURE_NO_WARNINGS: изменение макроопределения
         D:\OPI_LABS\SE_Lab14\SE_Lab14\stdafx.h(2,1): warning C4005: _CRT_SECURE_NO_WARNINGS: изменение макроопределения
         D:\OPI_LABS\SE_Lab14\SE_Lab14\MFST.cpp(254,76): warning C4267: =: преобразование из "size_t" в "short"; возможна потеря данных
         D:\OPI_LABS\SE_Lab14\SE_Lab14\stdafx.h(2,1): warning C4005: _CRT_SECURE_NO_WARNINGS: изменение макроопределения
         D:\OPI_LABS\SE_Lab14\SE_Lab14\stdafx.h(2,1): warning C4005: _CRT_SECURE_NO_WARNINGS: изменение макроопределения
         D:\OPI_LABS\SE_Lab14\SE_Lab14\Parm.cpp(9,11): warning C4101: wst: неиспользованная локальная переменная
         D:\OPI_LABS\SE_Lab14\SE_Lab14\stdafx.h(2,1): warning C4005: _CRT_SECURE_NO_WARNINGS: изменение макроопределения

    Предупреждений: 14
    Ошибок: 0

Прошло времени 00:00:05.70
